<?xml version="1.0" encoding="UTF-8"?>
<!-- Generated by org.testng.reporters.JUnitXMLReporter -->
<testsuite ignored="6" hostname="LAPTOP-I2H2KFTM" failures="0" tests="1" name="Test" time="17.79" errors="0" timestamp="2022-02-11T12:00:15 CST">
  <testcase classname="Tests.AutomationPractice" name="addToWishlistError" time="14.722"/>
  <testcase classname="Tests.AutomationPractice" name="searchProduct" time="0.0">
    <ignored/>
  </testcase> <!-- searchProduct -->
  <testcase classname="Tests.AutomationPractice" name="invalidEmail" time="0.0">
    <ignored/>
  </testcase> <!-- invalidEmail -->
  <testcase classname="Tests.AutomationPractice" name="userRegistration" time="0.0">
    <ignored/>
  </testcase> <!-- userRegistration -->
  <testcase classname="Tests.AutomationPractice" name="incorrectValuesInFields" time="0.0">
    <ignored/>
  </testcase> <!-- incorrectValuesInFields -->
  <testcase classname="Tests.AutomationPractice" name="buyProduct" time="0.0">
    <ignored/>
  </testcase> <!-- buyProduct -->
  <testcase classname="Tests.AutomationPractice" name="mandatoryFieldsEmpty" time="0.0">
    <ignored/>
  </testcase> <!-- mandatoryFieldsEmpty -->
</testsuite> <!-- Test -->
