<?xml version="1.0" encoding="UTF-8"?>
<testng-results ignored="7" total="8" passed="1" failed="0" skipped="0">
  <reporter-output>
  </reporter-output>
  <suite started-at="2022-02-11T12:19:54 CST" name="Suite" finished-at="2022-02-11T12:20:13 CST" duration-ms="19121">
    <groups>
    </groups>
    <test started-at="2022-02-11T12:19:54 CST" name="Test" finished-at="2022-02-11T12:20:13 CST" duration-ms="19121">
      <class name="Tests.AutomationPractice">
        <test-method signature="verifyTotalPriceChange()[pri:0, instance:Tests.AutomationPractice@173ed316]" started-at="2022-02-11T12:19:54 CST" name="verifyTotalPriceChange" finished-at="2022-02-11T12:20:10 CST" duration-ms="16054" status="PASS">
          <reporter-output>
          </reporter-output>
        </test-method> <!-- verifyTotalPriceChange -->
        <test-method is-config="true" signature="AfterTest()[pri:0, instance:Tests.AutomationPractice@173ed316]" started-at="2022-02-11T12:20:10 CST" name="AfterTest" finished-at="2022-02-11T12:20:13 CST" duration-ms="3005" status="PASS">
          <reporter-output>
          </reporter-output>
        </test-method> <!-- AfterTest -->
      </class> <!-- Tests.AutomationPractice -->
    </test> <!-- Test -->
  </suite> <!-- Suite -->
</testng-results>
