<?xml version="1.0" encoding="UTF-8"?>
<testng-results ignored="6" total="7" passed="1" failed="0" skipped="0">
  <reporter-output>
  </reporter-output>
  <suite started-at="2022-02-11T11:59:57 CST" name="Suite" finished-at="2022-02-11T12:00:15 CST" duration-ms="17790">
    <groups>
    </groups>
    <test started-at="2022-02-11T11:59:57 CST" name="Test" finished-at="2022-02-11T12:00:15 CST" duration-ms="17790">
      <class name="Tests.AutomationPractice">
        <test-method signature="addToWishlistError()[pri:0, instance:Tests.AutomationPractice@8f2ef19]" started-at="2022-02-11T11:59:57 CST" name="addToWishlistError" finished-at="2022-02-11T12:00:12 CST" duration-ms="14722" status="PASS">
          <reporter-output>
          </reporter-output>
        </test-method> <!-- addToWishlistError -->
        <test-method is-config="true" signature="AfterTest()[pri:0, instance:Tests.AutomationPractice@8f2ef19]" started-at="2022-02-11T12:00:12 CST" name="AfterTest" finished-at="2022-02-11T12:00:15 CST" duration-ms="3011" status="PASS">
          <reporter-output>
          </reporter-output>
        </test-method> <!-- AfterTest -->
      </class> <!-- Tests.AutomationPractice -->
    </test> <!-- Test -->
  </suite> <!-- Suite -->
</testng-results>
